<?xml version="1.0" encoding="UTF-8"?>
<!-- Generated by org.testng.reporters.JUnitXMLReporter -->
<testsuite ignored="1" hostname="LAPTOP-L23NTMA4" failures="0" tests="3" name="Submit Order Test" time="90.041" errors="0" timestamp="2026-02-21T13:33:13 CLST">
  <testcase classname="thaicompany.tests.SubmitOrderTest" name="submitOrder" time="16.22"/>
  <testcase classname="thaicompany.tests.SubmitOrderTest" name="submitOrder" time="16.58"/>
  <testcase classname="thaicompany.tests.SubmitOrderTest" name="submitOrder" time="16.423"/>
  <testcase classname="thaicompany.tests.SubmitOrderTest" name="OrderHistoryTest" time="0.0">
    <ignored/>
  </testcase> <!-- OrderHistoryTest -->
</testsuite> <!-- Submit Order Test -->
