<?xml version="1.0" encoding="UTF-8"?>
<testsuite xmlns:xsi="http://www.w3.org/2001/XMLSchema-instance" xsi:noNamespaceSchemaLocation="https://maven.apache.org/surefire/maven-surefire-plugin/xsd/surefire-test-report.xsd" version="3.0.2" name="cucumber.TestNGTestRunner" time="28.754" tests="1" errors="0" skipped="0" failures="0">
  <properties>
[...]
</properties>
  <testcase name="runScenario[&quot;Login error messsage&quot;, &quot;Error validation&quot;](1)" classname="cucumber.TestNGTestRunner" time="27.137">
    <system-out><![CDATA[
@tag @ErrorValidation
Scenario Outline: Login error messsage                                         # src/test/java/cucumber/ErrorValidations.feature:12
  ✔ Given I landed on ecommerce page                                           # thaicompany.stepdefinitions.StepDefinitionsImp.I_landed_on_ecommerce_page()
  ✔ When Logged in with username doquito@gmail.com and password cc             # thaicompany.stepdefinitions.StepDefinitionsImp.logged_in_username_password(java.lang.String,java.lang.String)
  ✔ Then Verify the error message "Incorrect email or password." on the screen # thaicompany.stepdefinitions.StepDefinitionsImp.Login_error_message(java.lang.String)
]]></system-out>
    <system-err><![CDATA[SLF4J(W): No SLF4J providers were found.
SLF4J(W): Defaulting to no-operation (NOP) logger implementation
SLF4J(W): See https://www.slf4j.org/codes.html#noProviders for further details.
feb 23, 2026 6:02:27 P. M. org.openqa.selenium.devtools.CdpVersionFinder findNearestMatch
WARNING: Unable to find an exact match for CDP version 145, returning the closest version; found: 144; Please update to a Selenium version that supports CDP version 145
]]></system-err>
  </testcase>
</testsuite>