<?xml version="1.0" encoding="UTF-8"?>
<!-- Generated by org.testng.reporters.JUnitReportReporter -->
<testsuite hostname="LAPTOP-L23NTMA4" failures="0" tests="3" name="thaicompany.tests.SubmitOrderTest" time="89.222" errors="0" timestamp="2026-02-21T13:33:13 CLST" skipped="0">
  <testcase classname="thaicompany.tests.SubmitOrderTest" name="submitOrder" time="37.884"/>
  <testcase classname="thaicompany.tests.SubmitOrderTest" name="submitOrder" time="25.158"/>
  <testcase classname="thaicompany.tests.SubmitOrderTest" name="submitOrder" time="26.180"/>
</testsuite> <!-- thaicompany.tests.SubmitOrderTest -->
